<?xml version="1.0" encoding="UTF-8"?>
<!-- Generated by org.testng.reporters.JUnitReportReporter -->
<testsuite name="com.test.Testscript" tests="1" time="94.086" ignored="0" failures="0" timestamp="15 Jan 2020 07:13:51 GMT" skipped="0" hostname="DESKTOP-DPHQC1F" errors="0">
  <testcase name="openBrowser" time="94.086" classname="com.test.Testscript"/>
</testsuite> <!-- com.test.Testscript -->
