<?xml version="1.0" encoding="UTF-8"?>
<!-- Generated by org.testng.reporters.JUnitReportReporter -->
<testsuite name="com.test.Testscript" tests="1" time="79.442" ignored="0" failures="0" timestamp="17 Jan 2020 07:11:10 GMT" skipped="0" hostname="DESKTOP-DPHQC1F" errors="0">
  <testcase name="login" time="79.442" classname="com.test.Testscript"/>
</testsuite> <!-- com.test.Testscript -->
