<?xml version="1.0" encoding="UTF-8"?>
<!-- Generated by org.testng.reporters.JUnitReportReporter -->
<testsuite name="com.test.testsript" tests="1" time="14.867" ignored="0" failures="0" timestamp="29 Sep 2019 17:22:54 GMT" skipped="0" hostname="DESKTOP-DPHQC1F" errors="0">
  <testcase name="openBrowser" time="14.867" classname="com.test.testsript"/>
</testsuite> <!-- com.test.testsript -->
