<?xml version="1.0" encoding="UTF-8"?>
<!-- Generated by org.testng.reporters.JUnitReportReporter -->
<testsuite name="com.test.Testscript" tests="1" time="44.882" ignored="0" failures="0" timestamp="08 Jan 2020 08:13:39 GMT" skipped="0" hostname="DESKTOP-DPHQC1F" errors="0">
  <testcase name="openBrowser" time="44.882" classname="com.test.Testscript"/>
</testsuite> <!-- com.test.Testscript -->
