<?xml version="1.0" encoding="UTF-8"?>
<!-- Generated by org.testng.reporters.JUnitReportReporter -->
<testsuite name="com.test.testsript" tests="1" time="22.762" ignored="0" failures="0" timestamp="06 Jan 2020 09:08:51 GMT" skipped="0" hostname="DESKTOP-DPHQC1F" errors="0">
  <testcase name="openBrowser" time="22.762" classname="com.test.testsript"/>
</testsuite> <!-- com.test.testsript -->
