<?xml version="1.0" encoding="UTF-8"?>
<!-- Generated by org.testng.reporters.JUnitReportReporter -->
<testsuite name="com.test.Testscript" tests="2" time="20.638" ignored="0" failures="0" timestamp="27 Jan 2020 12:03:41 GMT" skipped="0" hostname="DESKTOP-DPHQC1F" errors="0">
  <testcase name="testing" time="11.548" classname="com.test.Testscript"/>
  <testcase name="print" time="9.090" classname="com.test.Testscript"/>
</testsuite> <!-- com.test.Testscript -->
